2025-11-03 07:44:00 | INFO | repo=a4m36jee-2014 | action=commit
2025-09-22 15:04:00 | INFO | repo=a4m36jee-2014 | action=commit
2025-08-14 11:41:00 | INFO | repo=a4m36jee-2014 | action=commit
2025-05-12 08:40:00 | INFO | repo=a4m36jee-2014 | action=commit
2025-10-18 13:39:00 | WARN | repo=a4m36jee-2014 | action=commit
2025-05-09 07:59:00 | DEBUG | repo=a4m36jee-2014 | action=commit
2025-11-23 09:46:00 | WARN | repo=a4m36jee-2014 | action=commit
2025-09-16 18:29:00 | DEBUG | repo=a4m36jee-2014 | action=commit
2025-01-16 19:40:00 | INFO | repo=a4m36jee-2014 | action=commit
2025-12-06 07:11:00 | WARN | repo=a4m36jee-2014 | action=test | passed=true
2025-10-12 11:55:00 | INFO | repo=a4m36jee-2014 | action=commit
2025-12-20 11:33:00 | DEBUG | repo=a4m36jee-2014 | action=edit | files=5
2025-10-08 13:01:00 | WARN | repo=a4m36jee-2014 | action=commit
2025-08-22 15:56:00 | DEBUG | repo=a4m36jee-2014 | action=test | passed=true
2025-08-09 14:14:00 | DEBUG | repo=a4m36jee-2014 | action=commit
2025-12-26 14:04:00 | DEBUG | repo=a4m36jee-2014 | action=commit
2025-12-28 20:51:00 | WARN | repo=a4m36jee-2014 | action=commit
2025-03-20 21:31:00 | INFO | repo=a4m36jee-2014 | action=commit
2025-11-15 19:20:00 | WARN | repo=a4m36jee-2014 | action=commit
2025-09-09 16:48:00 | WARN | repo=a4m36jee-2014 | action=commit
2025-05-23 10:53:00 | INFO | repo=a4m36jee-2014 | action=commit
2025-07-26 18:22:00 | DEBUG | repo=a4m36jee-2014 | action=edit | files=4
2025-12-17 12:33:00 | INFO | repo=a4m36jee-2014 | action=commit
2025-01-05 08:00:00 | WARN | repo=a4m36jee-2014 | action=commit
2025-10-02 15:59:00 | WARN | repo=a4m36jee-2014 | action=commit
2025-06-28 13:30:00 | DEBUG | repo=a4m36jee-2014 | action=commit
2025-04-23 10:57:00 | WARN | repo=a4m36jee-2014 | action=commit
2025-03-08 19:32:00 | DEBUG | repo=a4m36jee-2014 | action=commit
